<?xml version="1.0" encoding="UTF-8"?>
<!-- Generated by org.testng.reporters.JUnitReportReporter -->
<testsuite skipped="0" hostname="DESKTOP-2F9I86H" name="FirstScript" tests="1" failures="0" timestamp="2020-04-11T09:02:42 IST" time="14.136" errors="0">
  <testcase name="launchBrowser" time="14.136" classname="FirstScript"/>
</testsuite> <!-- FirstScript -->
